[debug] [2025-05-03T03:41:45.223Z] ----------------------------------------------------------------------
[debug] [2025-05-03T03:41:45.224Z] Command:       E:\nodejs\node.exe C:\Users\Helijacky\AppData\Roaming\npm\node_modules\firebase-tools\lib\bin\firebase.js emulators:start --inspect-functions --import emulator_data --export-on-exit
[debug] [2025-05-03T03:41:45.224Z] CLI Version:   14.2.2
[debug] [2025-05-03T03:41:45.225Z] Platform:      win32
[debug] [2025-05-03T03:41:45.225Z] Node Version:  v22.15.0
[debug] [2025-05-03T03:41:45.225Z] Time:          Sat May 03 2025 13:41:45 GMT+1000 (Australian Eastern Standard Time)
[debug] [2025-05-03T03:41:45.225Z] ----------------------------------------------------------------------
[debug] 
[debug] [2025-05-03T03:41:45.340Z] Field "/emulators/functions/port" in "firebase.json" is possibly invalid: must be number
[debug] [2025-05-03T03:41:45.343Z] > command requires scopes: ["email","openid","https://www.googleapis.com/auth/cloudplatformprojects.readonly","https://www.googleapis.com/auth/firebase","https://www.googleapis.com/auth/cloud-platform"]
[debug] [2025-05-03T03:41:45.343Z] > authorizing via signed-in user (helijackybu@gmail.com)
[info] i  emulators: Starting emulators: functions, extensions {"metadata":{"emulator":{"name":"hub"},"message":"Starting emulators: functions, extensions"}}
[debug] [2025-05-03T03:41:45.345Z] Checked if tokens are valid: true, expires at: 1746244691636
[debug] [2025-05-03T03:41:45.345Z] Checked if tokens are valid: true, expires at: 1746244691636
[debug] [2025-05-03T03:41:45.345Z] >>> [apiv2][query] GET https://cloudresourcemanager.googleapis.com/v1/projects/utilies-508e7 [none]
[debug] [2025-05-03T03:41:45.780Z] <<< [apiv2][status] GET https://cloudresourcemanager.googleapis.com/v1/projects/utilies-508e7 200
[debug] [2025-05-03T03:41:45.780Z] <<< [apiv2][body] GET https://cloudresourcemanager.googleapis.com/v1/projects/utilies-508e7 {"projectNumber":"112429189280","projectId":"utilies-508e7","lifecycleState":"ACTIVE","name":"utilies","labels":{"firebase":"enabled","firebase-core":"disabled"},"createTime":"2025-04-29T05:40:10.447073Z"}
[debug] [2025-05-03T03:41:45.785Z] [logging] Logging Emulator only supports listening on one address (127.0.0.1). Not listening on ::1
[debug] [2025-05-03T03:41:45.785Z] assigned listening specs for emulators {"user":{"hub":[{"address":"127.0.0.1","family":"IPv4","port":4400},{"address":"::1","family":"IPv6","port":4400}],"ui":[{"address":"127.0.0.1","family":"IPv4","port":4000},{"address":"::1","family":"IPv6","port":4000}],"logging":[{"address":"127.0.0.1","family":"IPv4","port":4500}]},"metadata":{"message":"assigned listening specs for emulators"}}
[debug] [2025-05-03T03:41:45.788Z] [hub] writing locator at C:\Users\HELIJA~1\AppData\Local\Temp\hub-utilies-508e7.json
[debug] [2025-05-03T03:41:45.791Z] [Extensions] Started Extensions emulator, this is a noop.
[debug] [2025-05-03T03:41:45.794Z] [functions] Functions Emulator only supports listening on one address (127.0.0.1). Not listening on ::1
[debug] [2025-05-03T03:41:45.794Z] [eventarc] Eventarc Emulator only supports listening on one address (127.0.0.1). Not listening on ::1
[debug] [2025-05-03T03:41:45.794Z] [tasks] Cloud Tasks Emulator only supports listening on one address (127.0.0.1). Not listening on ::1
[debug] [2025-05-03T03:41:45.794Z] late-assigned ports for functions and eventarc emulators {"user":{"hub":[{"address":"127.0.0.1","family":"IPv4","port":4400},{"address":"::1","family":"IPv6","port":4400}],"ui":[{"address":"127.0.0.1","family":"IPv4","port":4000},{"address":"::1","family":"IPv6","port":4000}],"logging":[{"address":"127.0.0.1","family":"IPv4","port":4500}],"functions":[{"address":"127.0.0.1","family":"IPv4","port":8561}],"eventarc":[{"address":"127.0.0.1","family":"IPv4","port":9299}],"tasks":[{"address":"127.0.0.1","family":"IPv4","port":9499}]},"metadata":{"message":"late-assigned ports for functions and eventarc emulators"}}
[warn] !  functions: You are running the Functions emulator in debug mode. This means that functions will execute in sequence rather than in parallel. {"metadata":{"emulator":{"name":"functions"},"message":"You are running the Functions emulator in debug mode. This means that functions will execute in sequence rather than in parallel."}}
[warn] !  functions: The following emulators are not running, calls to these services from the Functions emulator will affect production: apphosting, auth, firestore, database, hosting, pubsub, storage, dataconnect {"metadata":{"emulator":{"name":"functions"},"message":"The following emulators are not running, calls to these services from the Functions emulator will affect production: \u001b[1mapphosting, auth, firestore, database, hosting, pubsub, storage, dataconnect\u001b[22m"}}
[debug] [2025-05-03T03:41:45.816Z] defaultcredentials: writing to file C:\Users\Helijacky\AppData\Roaming\firebase\helijackybu_gmail_com_application_default_credentials.json
[debug] [2025-05-03T03:41:45.817Z] Setting GAC to C:\Users\Helijacky\AppData\Roaming\firebase\helijackybu_gmail_com_application_default_credentials.json {"metadata":{"emulator":{"name":"functions"},"message":"Setting GAC to C:\\Users\\Helijacky\\AppData\\Roaming\\firebase\\helijackybu_gmail_com_application_default_credentials.json"}}
[debug] [2025-05-03T03:41:45.817Z] Checked if tokens are valid: true, expires at: 1746244691636
[debug] [2025-05-03T03:41:45.817Z] Checked if tokens are valid: true, expires at: 1746244691636
[debug] [2025-05-03T03:41:45.817Z] >>> [apiv2][query] GET https://firebase.googleapis.com/v1beta1/projects/utilies-508e7/adminSdkConfig [none]
[debug] [2025-05-03T03:41:46.685Z] <<< [apiv2][status] GET https://firebase.googleapis.com/v1beta1/projects/utilies-508e7/adminSdkConfig 200
[debug] [2025-05-03T03:41:46.685Z] <<< [apiv2][body] GET https://firebase.googleapis.com/v1beta1/projects/utilies-508e7/adminSdkConfig {"projectId":"utilies-508e7","storageBucket":"utilies-508e7.firebasestorage.app"}
[debug] [2025-05-03T03:41:46.702Z] [Extensions] Connecting Extensions emulator, this is a noop.
[info] i  functions: Watching "F:\Heli\Download\Code\Utilies\functions" for Cloud Functions... {"metadata":{"emulator":{"name":"functions"},"message":"Watching \"F:\\Heli\\Download\\Code\\Utilies\\functions\" for Cloud Functions..."}}
[debug] [2025-05-03T03:41:46.707Z] Validating nodejs source
[debug] [2025-05-03T03:41:47.127Z] > [functions] package.json contents: {
  "name": "functions",
  "description": "Cloud Functions for Firebase",
  "scripts": {
    "lint": "eslint .",
    "serve": "firebase emulators:start --only functions node",
    "shell": "firebase functions:shell",
    "start": "npm run shell",
    "deploy": "firebase deploy --only functions",
    "logs": "firebase functions:log"
  },
  "engines": {
    "node": "22"
  },
  "main": "index.js",
  "dependencies": {
    "firebase-admin": "^12.6.0",
    "firebase-functions": "^6.0.1"
  },
  "devDependencies": {
    "eslint": "^8.15.0",
    "eslint-config-google": "^0.14.0",
    "firebase-functions-test": "^3.1.0"
  },
  "private": true
}
[debug] [2025-05-03T03:41:47.128Z] Building nodejs source
[debug] [2025-05-03T03:41:47.128Z] Failed to find version of module node: reached end of search path F:\Heli\Download\Code\Utilies\functions\node_modules
[info] +  functions: Using node@22 from host. 
[debug] [2025-05-03T03:41:47.129Z] Could not find functions.yaml. Must use http discovery
[debug] [2025-05-03T03:41:47.132Z] Found firebase-functions binary at 'F:\Heli\Download\Code\Utilies\functions\node_modules\.bin\firebase-functions'
[info] Serving at port 8888

[debug] [2025-05-03T03:41:47.399Z] Got response from /__/functions.yaml {"endpoints":{"app":{"availableMemoryMb":null,"timeoutSeconds":null,"minInstances":null,"maxInstances":null,"ingressSettings":null,"concurrency":null,"serviceAccountEmail":null,"vpc":null,"platform":"gcfv2","labels":{},"httpsTrigger":{},"entryPoint":"app"}},"specVersion":"v1alpha1","requiredAPIs":[],"extensions":{}}
[debug] [2025-05-03T03:41:51.417Z] [work-queue] {"queuedWork":["/utilies-508e7/us-central1/app/login-2025-05-03T03:41:51.416Z"],"queueLength":1,"runningWork":[],"workRunningCount":0}
[debug] [2025-05-03T03:41:51.417Z] [work-queue] {"queuedWork":[],"queueLength":0,"runningWork":["/utilies-508e7/us-central1/app/login-2025-05-03T03:41:51.416Z"],"workRunningCount":1}
[debug] [2025-05-03T03:41:51.418Z] [work-queue] {"queuedWork":[],"queueLength":0,"runningWork":[],"workRunningCount":0}
[debug] [2025-05-03T03:41:51.419Z] defaultcredentials: writing to file C:\Users\Helijacky\AppData\Roaming\firebase\helijackybu_gmail_com_application_default_credentials.json
[debug] [2025-05-03T03:41:51.419Z] Setting GAC to C:\Users\Helijacky\AppData\Roaming\firebase\helijackybu_gmail_com_application_default_credentials.json {"metadata":{"emulator":{"name":"functions"},"message":"Setting GAC to C:\\Users\\Helijacky\\AppData\\Roaming\\firebase\\helijackybu_gmail_com_application_default_credentials.json"}}
[info] +  functions: Loaded functions definitions from source: app. {"metadata":{"emulator":{"name":"functions"},"message":"Loaded functions definitions from source: app."}}
[info] +  functions[us-central1-app]: http function initialized (http://127.0.0.1:8561/utilies-508e7/us-central1/app). {"metadata":{"emulator":{"name":"functions"},"message":"\u001b[1mhttp\u001b[22m function initialized (http://127.0.0.1:8561/utilies-508e7/us-central1/app)."}}
[info] +  functions: Using debug port 9229 for functions codebase default {"metadata":{"emulator":{"name":"functions"},"message":"Using debug port 9229 for functions codebase default"}}
[debug] [2025-05-03T03:41:51.428Z] [worker-pool] addWorker(~shared~) {"metadata":{"emulator":{"name":"functions"},"message":"[worker-pool] addWorker(~shared~)"}}
[debug] [2025-05-03T03:41:51.428Z] [worker-pool] Adding worker with key ~free~, total=1 {"metadata":{"emulator":{"name":"functions"},"message":"[worker-pool] Adding worker with key ~free~, total=1"}}
[info] >  Debugger listening on ws://127.0.0.1:9229/cb7ea4a8-77b6-403a-b85d-bdc3eb59c085 {"user":"Debugger listening on ws://127.0.0.1:9229/cb7ea4a8-77b6-403a-b85d-bdc3eb59c085\r","metadata":{"emulator":{"name":"functions"},"message":"\u001b[90m> \u001b[39m Debugger listening on ws://127.0.0.1:9229/cb7ea4a8-77b6-403a-b85d-bdc3eb59c085\r"}}
[info] >  For help, see: https://nodejs.org/en/docs/inspector {"user":"For help, see: https://nodejs.org/en/docs/inspector\r","metadata":{"emulator":{"name":"functions"},"message":"\u001b[90m> \u001b[39m For help, see: https://nodejs.org/en/docs/inspector\r"}}
[debug] [2025-05-03T03:41:52.072Z] [runtime-status] [21332] Resolved module firebase-admin {"declared":true,"installed":true,"version":"12.7.0","resolution":"F:\\Heli\\Download\\Code\\Utilies\\functions\\node_modules\\firebase-admin\\lib\\index.js"} {"metadata":{"emulator":{"name":"functions"},"message":"[runtime-status] [21332] Resolved module firebase-admin {\"declared\":true,\"installed\":true,\"version\":\"12.7.0\",\"resolution\":\"F:\\\\Heli\\\\Download\\\\Code\\\\Utilies\\\\functions\\\\node_modules\\\\firebase-admin\\\\lib\\\\index.js\"}"}}
[debug] [2025-05-03T03:41:52.073Z] [runtime-status] [21332] Resolved module firebase-functions {"declared":true,"installed":true,"version":"6.3.2","resolution":"F:\\Heli\\Download\\Code\\Utilies\\functions\\node_modules\\firebase-functions\\lib\\v2\\index.js"} {"metadata":{"emulator":{"name":"functions"},"message":"[runtime-status] [21332] Resolved module firebase-functions {\"declared\":true,\"installed\":true,\"version\":\"6.3.2\",\"resolution\":\"F:\\\\Heli\\\\Download\\\\Code\\\\Utilies\\\\functions\\\\node_modules\\\\firebase-functions\\\\lib\\\\v2\\\\index.js\"}"}}
[debug] [2025-05-03T03:41:52.073Z] [runtime-status] [21332] Outgoing network have been stubbed. [{"name":"http","status":"mocked"},{"name":"http","status":"mocked"},{"name":"https","status":"mocked"},{"name":"https","status":"mocked"},{"name":"net","status":"mocked"}] {"metadata":{"emulator":{"name":"functions"},"message":"[runtime-status] [21332] Outgoing network have been stubbed. [{\"name\":\"http\",\"status\":\"mocked\"},{\"name\":\"http\",\"status\":\"mocked\"},{\"name\":\"https\",\"status\":\"mocked\"},{\"name\":\"https\",\"status\":\"mocked\"},{\"name\":\"net\",\"status\":\"mocked\"}]"}}
[debug] [2025-05-03T03:41:52.073Z] [runtime-status] [21332] Resolved module firebase-functions {"declared":true,"installed":true,"version":"6.3.2","resolution":"F:\\Heli\\Download\\Code\\Utilies\\functions\\node_modules\\firebase-functions\\lib\\v2\\index.js"} {"metadata":{"emulator":{"name":"functions"},"message":"[runtime-status] [21332] Resolved module firebase-functions {\"declared\":true,\"installed\":true,\"version\":\"6.3.2\",\"resolution\":\"F:\\\\Heli\\\\Download\\\\Code\\\\Utilies\\\\functions\\\\node_modules\\\\firebase-functions\\\\lib\\\\v2\\\\index.js\"}"}}
[debug] [2025-05-03T03:41:52.210Z] [runtime-status] [21332] Checked functions.config() {"config":{}} {"metadata":{"emulator":{"name":"functions"},"message":"[runtime-status] [21332] Checked functions.config() {\"config\":{}}"}}
[debug] [2025-05-03T03:41:52.210Z] [runtime-status] [21332] firebase-functions has been stubbed. {"functionsResolution":{"declared":true,"installed":true,"version":"6.3.2","resolution":"F:\\Heli\\Download\\Code\\Utilies\\functions\\node_modules\\firebase-functions\\lib\\v2\\index.js"}} {"metadata":{"emulator":{"name":"functions"},"message":"[runtime-status] [21332] firebase-functions has been stubbed. {\"functionsResolution\":{\"declared\":true,\"installed\":true,\"version\":\"6.3.2\",\"resolution\":\"F:\\\\Heli\\\\Download\\\\Code\\\\Utilies\\\\functions\\\\node_modules\\\\firebase-functions\\\\lib\\\\v2\\\\index.js\"}}"}}
[debug] [2025-05-03T03:41:52.210Z] [runtime-status] [21332] Resolved module firebase-functions {"declared":true,"installed":true,"version":"6.3.2","resolution":"F:\\Heli\\Download\\Code\\Utilies\\functions\\node_modules\\firebase-functions\\lib\\v2\\index.js"} {"metadata":{"emulator":{"name":"functions"},"message":"[runtime-status] [21332] Resolved module firebase-functions {\"declared\":true,\"installed\":true,\"version\":\"6.3.2\",\"resolution\":\"F:\\\\Heli\\\\Download\\\\Code\\\\Utilies\\\\functions\\\\node_modules\\\\firebase-functions\\\\lib\\\\v2\\\\index.js\"}"}}
[debug] [2025-05-03T03:41:52.212Z] [runtime-status] [21332] Resolved module firebase-admin {"declared":true,"installed":true,"version":"12.7.0","resolution":"F:\\Heli\\Download\\Code\\Utilies\\functions\\node_modules\\firebase-admin\\lib\\index.js"} {"metadata":{"emulator":{"name":"functions"},"message":"[runtime-status] [21332] Resolved module firebase-admin {\"declared\":true,\"installed\":true,\"version\":\"12.7.0\",\"resolution\":\"F:\\\\Heli\\\\Download\\\\Code\\\\Utilies\\\\functions\\\\node_modules\\\\firebase-admin\\\\lib\\\\index.js\"}"}}
[debug] [2025-05-03T03:41:52.213Z] [runtime-status] [21332] Resolved module firebase-functions {"declared":true,"installed":true,"version":"6.3.2","resolution":"F:\\Heli\\Download\\Code\\Utilies\\functions\\node_modules\\firebase-functions\\lib\\v2\\index.js"} {"metadata":{"emulator":{"name":"functions"},"message":"[runtime-status] [21332] Resolved module firebase-functions {\"declared\":true,\"installed\":true,\"version\":\"6.3.2\",\"resolution\":\"F:\\\\Heli\\\\Download\\\\Code\\\\Utilies\\\\functions\\\\node_modules\\\\firebase-functions\\\\lib\\\\v2\\\\index.js\"}"}}
[debug] [2025-05-03T03:41:52.213Z] [runtime-status] [21332] firebase-admin has been stubbed. {"adminResolution":{"declared":true,"installed":true,"version":"12.7.0","resolution":"F:\\Heli\\Download\\Code\\Utilies\\functions\\node_modules\\firebase-admin\\lib\\index.js"}} {"metadata":{"emulator":{"name":"functions"},"message":"[runtime-status] [21332] firebase-admin has been stubbed. {\"adminResolution\":{\"declared\":true,\"installed\":true,\"version\":\"12.7.0\",\"resolution\":\"F:\\\\Heli\\\\Download\\\\Code\\\\Utilies\\\\functions\\\\node_modules\\\\firebase-admin\\\\lib\\\\index.js\"}}"}}
[debug] [2025-05-03T03:41:52.278Z] [runtime-status] [21332] initializeApp(DEFAULT) {"credential":{"implicit":false,"projectId":"utilies-508e7","privateKey":"-----BEGIN PRIVATE KEY-----\nMIIEvQIBADANBgkqhkiG9w0BAQEFAASCBKcwggSjAgEAAoIBAQDEAamriFTwofAO\n9pO2+aGNAPQ3Gy+0aO6vNzkWEXyIVWz3lFf6WrsxNiK5v5d2f7jKV0WCl5TScgFJ\nE0Hq8JH5Z8dUQpy+FeKycn+Fpz1+u6xb1z2yZOCJrmh/0As5saCgTnbdsTixqbZe\nILSSS9A7XLCPWJfuJM1KPjsnSx/d23XiFvjLyBtwdEL3+RiMD6oRdowAfWQjd2Xv\nnPNALXSNv3dY9po5JM0EVJs/Xo3GUuy+IvRXb48YmNudPiLmCaW40hu628pNmSXP\n2WE80j+9uteZq7pex574ItGnZeYOx4Sqo9HETkEr0AZHu5PpPGd13izXpd+UvwO/\nyA7+L1J5AgMBAAECggEAUMZepdIJLyGNTJ1RQpadfP5npk4N2stjkdGwNOf/6i9K\nOL1phELf4eftZ58NTEhWXwyYGLlfG1rgLL1C7Q83GRErlA3finZ6dg+5fdrt/Mxa\nu354bowj/Jljd0jFV4FcMLQlSDdApfbKsP/JaoDTz6LjIC/ibMG92FrNBeRvvX16\npQJgvqadx/2BY+HhjhfFkA0AKMRdfJzipZ65Sw8TvFXEx7E501W/xAOfPy7KfF3N\nCiRITbugfvQCCljJnQRQP2j64ZOLHNsZ4M/l/dwEVmSw3WY2+Fzo+ng5bhGeCJxe\nf2dqSeWW4Oil7CR5jICC4G2xs0Lzlhenf1d74sG2AQKBgQDtirzliHUuBcZZPiMH\nUyp7jh3rJyH9lyioDJyreHn9BtriUZiqCY3QbgRdIupx//Bugwxip1vgup40hv2E\nBuZxXoC4xmKsM16aFH2cVtljbG7T5hUNgpRZ0Rh7Ck1LWKmXcnEctJ/YmTO4OgHW\nGsC1hfN+ct98Rw49DhRHyqsIuwKBgQDTPLApsuAA/nCNzrvuMHcxxoG50W2KVIzt\nyYJp9lUlheSSUq82gyhl5cAiyTYj29d8CEUa631ncTJ0JSn8Y9vMlTnIKbhkA2vF\nZqPk62msha9vDl11XdTs+APHsQKmmHHg0tV/Nb+ws1+TnpzfUFwBGBnTsVGLtezb\nGg2a+LIoWwKBgH7p3EjqomjnbvUpbL+yIIWJBdUowFFkHLXEn0RCBzM4IWQ/4kge\n+KT+0tgMGqSz8Pqqi8h90Gn+ax53bSXIJgE2U6HlZLzKaWX7Qq1v/Y/QVFpkmKTy\nOl7Oh7zdYTS7d0jSPTrwCmNIX0izvV1uR730hobtyxf0Qtg+GHnO/5iXAoGBAMrI\nXc0J/OS3XdGkfuDgAez0xaBenivHkyrK4blbUs4cxRp66d0I+AUqE9LRGno+F5To\nU37ORqrBDlBVRQMX0e+J6dhvxKWuaw0rxXaDUATgqVORlMKQ+1EpnmdbVFId0mSj\nwXTHYmf9KmmKQMpYWJpsSo7gkInwcZq8XgdBa7Y1AoGAJ1TBT+XkTgzvZ6pSRi4b\nPgvYkTSm6FhyrSjD+xMnypFXEC+1AyCB+TxVmclqNNMeqGurDbRtmqGZgfcIZ+NI\nX6n4MWy/41eQIl5SDmdJ5WG7h7pCsRCAUK33fTN5bxZcGpjzc0jvaLn+YL8YNZRl\nk4nMRVy6oNmlaI+e+96PUfM=\n-----END PRIVATE KEY-----\n","clientEmail":"firebase-adminsdk-fbsvc@utilies-508e7.iam.gserviceaccount.com","httpClient":{"retry":{"maxRetries":4,"statusCodes":[503],"ioErrorCodes":["ECONNRESET","ETIMEDOUT"],"backOffFactor":0.5,"maxDelayInMillis":60000}}},"databaseURL":"https://utilies-508e7.firebaseio.com"} {"metadata":{"emulator":{"name":"functions"},"message":"[runtime-status] [21332] initializeApp(DEFAULT) {\"credential\":{\"implicit\":false,\"projectId\":\"utilies-508e7\",\"privateKey\":\"-----BEGIN PRIVATE KEY-----\\nMIIEvQIBADANBgkqhkiG9w0BAQEFAASCBKcwggSjAgEAAoIBAQDEAamriFTwofAO\\n9pO2+aGNAPQ3Gy+0aO6vNzkWEXyIVWz3lFf6WrsxNiK5v5d2f7jKV0WCl5TScgFJ\\nE0Hq8JH5Z8dUQpy+FeKycn+Fpz1+u6xb1z2yZOCJrmh/0As5saCgTnbdsTixqbZe\\nILSSS9A7XLCPWJfuJM1KPjsnSx/d23XiFvjLyBtwdEL3+RiMD6oRdowAfWQjd2Xv\\nnPNALXSNv3dY9po5JM0EVJs/Xo3GUuy+IvRXb48YmNudPiLmCaW40hu628pNmSXP\\n2WE80j+9uteZq7pex574ItGnZeYOx4Sqo9HETkEr0AZHu5PpPGd13izXpd+UvwO/\\nyA7+L1J5AgMBAAECggEAUMZepdIJLyGNTJ1RQpadfP5npk4N2stjkdGwNOf/6i9K\\nOL1phELf4eftZ58NTEhWXwyYGLlfG1rgLL1C7Q83GRErlA3finZ6dg+5fdrt/Mxa\\nu354bowj/Jljd0jFV4FcMLQlSDdApfbKsP/JaoDTz6LjIC/ibMG92FrNBeRvvX16\\npQJgvqadx/2BY+HhjhfFkA0AKMRdfJzipZ65Sw8TvFXEx7E501W/xAOfPy7KfF3N\\nCiRITbugfvQCCljJnQRQP2j64ZOLHNsZ4M/l/dwEVmSw3WY2+Fzo+ng5bhGeCJxe\\nf2dqSeWW4Oil7CR5jICC4G2xs0Lzlhenf1d74sG2AQKBgQDtirzliHUuBcZZPiMH\\nUyp7jh3rJyH9lyioDJyreHn9BtriUZiqCY3QbgRdIupx//Bugwxip1vgup40hv2E\\nBuZxXoC4xmKsM16aFH2cVtljbG7T5hUNgpRZ0Rh7Ck1LWKmXcnEctJ/YmTO4OgHW\\nGsC1hfN+ct98Rw49DhRHyqsIuwKBgQDTPLApsuAA/nCNzrvuMHcxxoG50W2KVIzt\\nyYJp9lUlheSSUq82gyhl5cAiyTYj29d8CEUa631ncTJ0JSn8Y9vMlTnIKbhkA2vF\\nZqPk62msha9vDl11XdTs+APHsQKmmHHg0tV/Nb+ws1+TnpzfUFwBGBnTsVGLtezb\\nGg2a+LIoWwKBgH7p3EjqomjnbvUpbL+yIIWJBdUowFFkHLXEn0RCBzM4IWQ/4kge\\n+KT+0tgMGqSz8Pqqi8h90Gn+ax53bSXIJgE2U6HlZLzKaWX7Qq1v/Y/QVFpkmKTy\\nOl7Oh7zdYTS7d0jSPTrwCmNIX0izvV1uR730hobtyxf0Qtg+GHnO/5iXAoGBAMrI\\nXc0J/OS3XdGkfuDgAez0xaBenivHkyrK4blbUs4cxRp66d0I+AUqE9LRGno+F5To\\nU37ORqrBDlBVRQMX0e+J6dhvxKWuaw0rxXaDUATgqVORlMKQ+1EpnmdbVFId0mSj\\nwXTHYmf9KmmKQMpYWJpsSo7gkInwcZq8XgdBa7Y1AoGAJ1TBT+XkTgzvZ6pSRi4b\\nPgvYkTSm6FhyrSjD+xMnypFXEC+1AyCB+TxVmclqNNMeqGurDbRtmqGZgfcIZ+NI\\nX6n4MWy/41eQIl5SDmdJ5WG7h7pCsRCAUK33fTN5bxZcGpjzc0jvaLn+YL8YNZRl\\nk4nMRVy6oNmlaI+e+96PUfM=\\n-----END PRIVATE KEY-----\\n\",\"clientEmail\":\"firebase-adminsdk-fbsvc@utilies-508e7.iam.gserviceaccount.com\",\"httpClient\":{\"retry\":{\"maxRetries\":4,\"statusCodes\":[503],\"ioErrorCodes\":[\"ECONNRESET\",\"ETIMEDOUT\"],\"backOffFactor\":0.5,\"maxDelayInMillis\":60000}}},\"databaseURL\":\"https://utilies-508e7.firebaseio.com\"}"}}
[debug] [2025-05-03T03:41:52.284Z] [runtime-status] [21332] Functions runtime initialized. {"cwd":"F:\\Heli\\Download\\Code\\Utilies\\functions","node_version":"22.15.0"} {"metadata":{"emulator":{"name":"functions"},"message":"[runtime-status] [21332] Functions runtime initialized. {\"cwd\":\"F:\\\\Heli\\\\Download\\\\Code\\\\Utilies\\\\functions\",\"node_version\":\"22.15.0\"}"}}
[debug] [2025-05-03T03:41:52.284Z] [runtime-status] [21332] Listening to port: \\?\pipe\fire_emu_98767688e8add7e0 {"metadata":{"emulator":{"name":"functions"},"message":"[runtime-status] [21332] Listening to port: \\\\?\\pipe\\fire_emu_98767688e8add7e0"}}
[debug] [2025-05-03T03:41:52.305Z] [worker-~free~-431010a1-2f01-4b35-9c0a-617352a0eae2]: IDLE {"metadata":{"emulator":{"name":"functions"},"message":"[worker-~free~-431010a1-2f01-4b35-9c0a-617352a0eae2]: IDLE"}}
[debug] [2025-05-03T03:41:52.307Z] Could not find VSCode notification endpoint: FetchError: request to http://localhost:40001/vscode/notify failed, reason: . If you are not running the Firebase Data Connect VSCode extension, this is expected and not an issue.
[info] 
┌─────────────────────────────────────────────────────────────┐
│ ✔  All emulators ready! It is now safe to connect your app. │
│ i  View Emulator UI at http://127.0.0.1:4000/               │
└─────────────────────────────────────────────────────────────┘

┌────────────┬────────────────┬──────────────────────────────────┐
│ Emulator   │ Host:Port      │ View in Emulator UI              │
├────────────┼────────────────┼──────────────────────────────────┤
│ Functions  │ 127.0.0.1:8561 │ http://127.0.0.1:4000/functions  │
├────────────┼────────────────┼──────────────────────────────────┤
│ Extensions │ 127.0.0.1:8561 │ http://127.0.0.1:4000/extensions │
└────────────┴────────────────┴──────────────────────────────────┘
  Emulator Hub host: 127.0.0.1 port: 4400
  Other reserved ports: 4500
┌─────────────────────────┬───────────────┬─────────────────────┐
│ Extension Instance Name │ Extension Ref │ View in Emulator UI │
└─────────────────────────┴───────────────┴─────────────────────┘
Issues? Report them at https://github.com/firebase/firebase-tools/issues and attach the *-debug.log files.
 
[debug] [2025-05-03T03:42:09.057Z] [work-queue] {"queuedWork":["/utilies-508e7/us-central1/app/login-2025-05-03T03:42:09.057Z"],"queueLength":1,"runningWork":[],"workRunningCount":0}
[debug] [2025-05-03T03:42:09.057Z] [work-queue] {"queuedWork":[],"queueLength":0,"runningWork":["/utilies-508e7/us-central1/app/login-2025-05-03T03:42:09.057Z"],"workRunningCount":1}
[debug] [2025-05-03T03:42:09.057Z] Accepted request POST /utilies-508e7/us-central1/app/login --> us-central1-app
[debug] [2025-05-03T03:42:09.058Z] [functions] Runtime ready! Sending request! {"metadata":{"emulator":{"name":"functions"},"message":"[functions] Runtime ready! Sending request!"}}
[debug] [2025-05-03T03:42:09.058Z] [functions] Got req.url=/utilies-508e7/us-central1/app/login, mapping to path=/login {"metadata":{"emulator":{"name":"functions"},"message":"[functions] Got req.url=/utilies-508e7/us-central1/app/login, mapping to path=/login"}}
[debug] [2025-05-03T03:42:09.058Z] [worker-pool] submitRequest(triggerId=us-central1-app) {"metadata":{"emulator":{"name":"functions"},"message":"[worker-pool] submitRequest(triggerId=us-central1-app)"}}
[debug] [2025-05-03T03:42:09.059Z] [worker-~free~-431010a1-2f01-4b35-9c0a-617352a0eae2]: BUSY {"metadata":{"emulator":{"name":"functions"},"message":"[worker-~free~-431010a1-2f01-4b35-9c0a-617352a0eae2]: BUSY"}}
[debug] [2025-05-03T03:42:09.458Z] Finishing up request with event=pause {"metadata":{"emulator":{"name":"functions"},"message":"Finishing up request with event=pause"}}
[debug] [2025-05-03T03:42:09.459Z] [worker-~free~-431010a1-2f01-4b35-9c0a-617352a0eae2]: IDLE {"metadata":{"emulator":{"name":"functions"},"message":"[worker-~free~-431010a1-2f01-4b35-9c0a-617352a0eae2]: IDLE"}}
[debug] [2025-05-03T03:42:09.459Z] Finishing up request with event=finish {"metadata":{"emulator":{"name":"functions"},"message":"Finishing up request with event=finish"}}
[debug] [2025-05-03T03:42:09.459Z] Finishing up request with event=close {"metadata":{"emulator":{"name":"functions"},"message":"Finishing up request with event=close"}}
[debug] [2025-05-03T03:42:09.459Z] [work-queue] {"queuedWork":[],"queueLength":0,"runningWork":[],"workRunningCount":0}
[debug] [2025-05-03T03:42:27.168Z] Functions emulator received unknown request at path /json/version
[debug] [2025-05-03T03:42:27.169Z] Functions emulator received unknown request at path /json/list
[debug] [2025-05-03T03:42:30.518Z] Functions emulator received unknown request at path /json/version
[debug] [2025-05-03T03:42:30.519Z] Functions emulator received unknown request at path /json/list
[debug] [2025-05-03T03:42:33.884Z] Functions emulator received unknown request at path /json/version
[debug] [2025-05-03T03:42:33.885Z] Functions emulator received unknown request at path /json/list
[debug] [2025-05-03T03:42:34.228Z] [work-queue] {"queuedWork":["/utilies-508e7/us-central1/app/login-2025-05-03T03:42:34.228Z"],"queueLength":1,"runningWork":[],"workRunningCount":0}
[debug] [2025-05-03T03:42:34.229Z] [work-queue] {"queuedWork":[],"queueLength":0,"runningWork":["/utilies-508e7/us-central1/app/login-2025-05-03T03:42:34.228Z"],"workRunningCount":1}
[debug] [2025-05-03T03:42:34.229Z] Accepted request POST /utilies-508e7/us-central1/app/login --> us-central1-app
[debug] [2025-05-03T03:42:34.230Z] [functions] Runtime ready! Sending request! {"metadata":{"emulator":{"name":"functions"},"message":"[functions] Runtime ready! Sending request!"}}
[debug] [2025-05-03T03:42:34.230Z] [functions] Got req.url=/utilies-508e7/us-central1/app/login, mapping to path=/login {"metadata":{"emulator":{"name":"functions"},"message":"[functions] Got req.url=/utilies-508e7/us-central1/app/login, mapping to path=/login"}}
[debug] [2025-05-03T03:42:34.230Z] [worker-pool] submitRequest(triggerId=us-central1-app) {"metadata":{"emulator":{"name":"functions"},"message":"[worker-pool] submitRequest(triggerId=us-central1-app)"}}
[debug] [2025-05-03T03:42:34.231Z] [worker-~free~-431010a1-2f01-4b35-9c0a-617352a0eae2]: BUSY {"metadata":{"emulator":{"name":"functions"},"message":"[worker-~free~-431010a1-2f01-4b35-9c0a-617352a0eae2]: BUSY"}}
[debug] [2025-05-03T03:42:34.287Z] Finishing up request with event=pause {"metadata":{"emulator":{"name":"functions"},"message":"Finishing up request with event=pause"}}
[debug] [2025-05-03T03:42:34.288Z] [worker-~free~-431010a1-2f01-4b35-9c0a-617352a0eae2]: IDLE {"metadata":{"emulator":{"name":"functions"},"message":"[worker-~free~-431010a1-2f01-4b35-9c0a-617352a0eae2]: IDLE"}}
[debug] [2025-05-03T03:42:34.288Z] Finishing up request with event=finish {"metadata":{"emulator":{"name":"functions"},"message":"Finishing up request with event=finish"}}
[debug] [2025-05-03T03:42:34.288Z] Finishing up request with event=close {"metadata":{"emulator":{"name":"functions"},"message":"Finishing up request with event=close"}}
[debug] [2025-05-03T03:42:34.288Z] [work-queue] {"queuedWork":[],"queueLength":0,"runningWork":[],"workRunningCount":0}
[debug] [2025-05-03T03:42:40.872Z] Functions emulator received unknown request at path /json/version
[debug] [2025-05-03T03:42:40.873Z] Functions emulator received unknown request at path /json/list
[debug] [2025-05-03T03:42:44.211Z] Functions emulator received unknown request at path /json/version
[debug] [2025-05-03T03:42:44.211Z] Functions emulator received unknown request at path /json/list
[debug] [2025-05-03T03:42:47.557Z] Functions emulator received unknown request at path /json/version
[debug] [2025-05-03T03:42:47.557Z] Functions emulator received unknown request at path /json/list
[debug] [2025-05-03T03:42:52.926Z] Functions emulator received unknown request at path /json/version
[debug] [2025-05-03T03:42:52.926Z] Functions emulator received unknown request at path /json/list
[debug] [2025-05-03T03:42:55.814Z] [work-queue] {"queuedWork":["/utilies-508e7/us-central1/app/login-2025-05-03T03:42:55.814Z"],"queueLength":1,"runningWork":[],"workRunningCount":0}
[debug] [2025-05-03T03:42:55.814Z] [work-queue] {"queuedWork":[],"queueLength":0,"runningWork":["/utilies-508e7/us-central1/app/login-2025-05-03T03:42:55.814Z"],"workRunningCount":1}
[debug] [2025-05-03T03:42:55.814Z] Accepted request POST /utilies-508e7/us-central1/app/login --> us-central1-app
[debug] [2025-05-03T03:42:55.815Z] [functions] Runtime ready! Sending request! {"metadata":{"emulator":{"name":"functions"},"message":"[functions] Runtime ready! Sending request!"}}
[debug] [2025-05-03T03:42:55.816Z] [functions] Got req.url=/utilies-508e7/us-central1/app/login, mapping to path=/login {"metadata":{"emulator":{"name":"functions"},"message":"[functions] Got req.url=/utilies-508e7/us-central1/app/login, mapping to path=/login"}}
[debug] [2025-05-03T03:42:55.816Z] [worker-pool] submitRequest(triggerId=us-central1-app) {"metadata":{"emulator":{"name":"functions"},"message":"[worker-pool] submitRequest(triggerId=us-central1-app)"}}
[debug] [2025-05-03T03:42:55.816Z] [worker-~free~-431010a1-2f01-4b35-9c0a-617352a0eae2]: BUSY {"metadata":{"emulator":{"name":"functions"},"message":"[worker-~free~-431010a1-2f01-4b35-9c0a-617352a0eae2]: BUSY"}}
[debug] [2025-05-03T03:42:55.867Z] Finishing up request with event=pause {"metadata":{"emulator":{"name":"functions"},"message":"Finishing up request with event=pause"}}
[debug] [2025-05-03T03:42:55.867Z] [worker-~free~-431010a1-2f01-4b35-9c0a-617352a0eae2]: IDLE {"metadata":{"emulator":{"name":"functions"},"message":"[worker-~free~-431010a1-2f01-4b35-9c0a-617352a0eae2]: IDLE"}}
[debug] [2025-05-03T03:42:55.867Z] Finishing up request with event=finish {"metadata":{"emulator":{"name":"functions"},"message":"Finishing up request with event=finish"}}
[debug] [2025-05-03T03:42:55.867Z] Finishing up request with event=close {"metadata":{"emulator":{"name":"functions"},"message":"Finishing up request with event=close"}}
[debug] [2025-05-03T03:42:55.867Z] [work-queue] {"queuedWork":[],"queueLength":0,"runningWork":[],"workRunningCount":0}
[debug] [2025-05-03T03:42:56.215Z] Functions emulator received unknown request at path /json/version
[debug] [2025-05-03T03:42:56.215Z] Functions emulator received unknown request at path /json/list
[debug] [2025-05-03T03:42:59.509Z] Functions emulator received unknown request at path /json/version
[debug] [2025-05-03T03:42:59.510Z] Functions emulator received unknown request at path /json/list
[debug] [2025-05-03T03:43:02.810Z] Functions emulator received unknown request at path /json/version
[debug] [2025-05-03T03:43:02.811Z] Functions emulator received unknown request at path /json/list
[debug] [2025-05-03T03:43:29.563Z] Functions emulator received unknown request at path /json/version
[debug] [2025-05-03T03:43:29.563Z] Functions emulator received unknown request at path /json/list
[debug] [2025-05-03T03:43:32.854Z] Functions emulator received unknown request at path /json/version
[debug] [2025-05-03T03:43:32.855Z] Functions emulator received unknown request at path /json/list
[debug] [2025-05-03T03:43:34.127Z] [work-queue] {"queuedWork":["/utilies-508e7/us-central1/app/login-2025-05-03T03:43:34.127Z"],"queueLength":1,"runningWork":[],"workRunningCount":0}
[debug] [2025-05-03T03:43:34.127Z] [work-queue] {"queuedWork":[],"queueLength":0,"runningWork":["/utilies-508e7/us-central1/app/login-2025-05-03T03:43:34.127Z"],"workRunningCount":1}
[debug] [2025-05-03T03:43:34.127Z] Accepted request POST /utilies-508e7/us-central1/app/login --> us-central1-app
[debug] [2025-05-03T03:43:34.128Z] [functions] Runtime ready! Sending request! {"metadata":{"emulator":{"name":"functions"},"message":"[functions] Runtime ready! Sending request!"}}
[debug] [2025-05-03T03:43:34.128Z] [functions] Got req.url=/utilies-508e7/us-central1/app/login, mapping to path=/login {"metadata":{"emulator":{"name":"functions"},"message":"[functions] Got req.url=/utilies-508e7/us-central1/app/login, mapping to path=/login"}}
[debug] [2025-05-03T03:43:34.128Z] [worker-pool] submitRequest(triggerId=us-central1-app) {"metadata":{"emulator":{"name":"functions"},"message":"[worker-pool] submitRequest(triggerId=us-central1-app)"}}
[debug] [2025-05-03T03:43:34.128Z] [worker-~free~-431010a1-2f01-4b35-9c0a-617352a0eae2]: BUSY {"metadata":{"emulator":{"name":"functions"},"message":"[worker-~free~-431010a1-2f01-4b35-9c0a-617352a0eae2]: BUSY"}}
[debug] [2025-05-03T03:43:34.186Z] Finishing up request with event=pause {"metadata":{"emulator":{"name":"functions"},"message":"Finishing up request with event=pause"}}
[debug] [2025-05-03T03:43:34.186Z] [worker-~free~-431010a1-2f01-4b35-9c0a-617352a0eae2]: IDLE {"metadata":{"emulator":{"name":"functions"},"message":"[worker-~free~-431010a1-2f01-4b35-9c0a-617352a0eae2]: IDLE"}}
[debug] [2025-05-03T03:43:34.186Z] Finishing up request with event=finish {"metadata":{"emulator":{"name":"functions"},"message":"Finishing up request with event=finish"}}
[debug] [2025-05-03T03:43:34.186Z] Finishing up request with event=close {"metadata":{"emulator":{"name":"functions"},"message":"Finishing up request with event=close"}}
[debug] [2025-05-03T03:43:34.186Z] [work-queue] {"queuedWork":[],"queueLength":0,"runningWork":[],"workRunningCount":0}
[debug] [2025-05-03T03:43:36.202Z] Functions emulator received unknown request at path /json/version
[debug] [2025-05-03T03:43:36.203Z] Functions emulator received unknown request at path /json/list
[debug] [2025-05-03T03:43:43.305Z] Functions emulator received unknown request at path /json/version
[debug] [2025-05-03T03:43:43.305Z] Functions emulator received unknown request at path /json/list
[debug] [2025-05-03T03:43:46.662Z] Functions emulator received unknown request at path /json/version
[debug] [2025-05-03T03:43:46.662Z] Functions emulator received unknown request at path /json/list
[debug] [2025-05-03T03:43:49.990Z] Functions emulator received unknown request at path /json/version
[debug] [2025-05-03T03:43:49.991Z] Functions emulator received unknown request at path /json/list
[debug] [2025-05-03T03:43:59.026Z] [worker-~free~-431010a1-2f01-4b35-9c0a-617352a0eae2]: exited {"metadata":{"emulator":{"name":"functions"},"message":"[worker-~free~-431010a1-2f01-4b35-9c0a-617352a0eae2]: exited"}}
[debug] [2025-05-03T03:43:59.026Z] [worker-~free~-431010a1-2f01-4b35-9c0a-617352a0eae2]: FINISHED {"metadata":{"emulator":{"name":"functions"},"message":"[worker-~free~-431010a1-2f01-4b35-9c0a-617352a0eae2]: FINISHED"}}
[debug] [2025-05-03T03:43:59.026Z] Received signal SIGHUP 1
[info]  
[info] i  emulators: Received SIGHUP for the first time. Starting a clean shutdown. 
[info] i  emulators: Please wait for a clean shutdown or send the SIGHUP signal again to stop right now. 
[info] i  Automatically exporting data using --export-on-exit "emulator_data" please wait for the export to finish... 
[debug] [2025-05-03T03:43:59.028Z] >>> [apiv2][query] GET http://127.0.0.1:4400/ [none]
[debug] [2025-05-03T03:43:59.030Z] <<< [apiv2][status] GET http://127.0.0.1:4400/ 200
[debug] [2025-05-03T03:43:59.030Z] <<< [apiv2][body] GET http://127.0.0.1:4400/ {"version":"14.2.2","origins":["http://127.0.0.1:4400","http://[::1]:4400"],"host":"127.0.0.1","port":4400}
[info] i  Found running emulator hub for project utilies-508e7 at http://127.0.0.1:4400 
[info] i  Creating export directory F:\Heli\Download\Code\Utilies\functions\emulator_data 
[info] i  Exporting data to: F:\Heli\Download\Code\Utilies\functions\emulator_data 
[debug] [2025-05-03T03:43:59.031Z] >>> [apiv2][query] GET http://127.0.0.1:4400/ [none]
[debug] [2025-05-03T03:43:59.032Z] <<< [apiv2][status] GET http://127.0.0.1:4400/ 200
[debug] [2025-05-03T03:43:59.032Z] <<< [apiv2][body] GET http://127.0.0.1:4400/ {"version":"14.2.2","origins":["http://127.0.0.1:4400","http://[::1]:4400"],"host":"127.0.0.1","port":4400}
[debug] [2025-05-03T03:43:59.033Z] >>> [apiv2][query] POST http://127.0.0.1:4400/_admin/export [none]
[debug] [2025-05-03T03:43:59.033Z] >>> [apiv2][body] POST http://127.0.0.1:4400/_admin/export {"path":"F:\\Heli\\Download\\Code\\Utilies\\functions\\emulator_data","initiatedBy":"exit"}
[info] i  emulators: Received export request. Exporting data to F:\Heli\Download\Code\Utilies\functions\emulator_data. 
[warn] !  emulators: Export failed: No running emulators support import/export. 
[debug] [2025-05-03T03:43:59.040Z] <<< [apiv2][status] POST http://127.0.0.1:4400/_admin/export 500
[debug] [2025-05-03T03:43:59.040Z] <<< [apiv2][body] POST http://127.0.0.1:4400/_admin/export {"message":"No running emulators support import/export."}
[warn] !  FirebaseError: Export request failed, see emulator logs for more information. 
[warn] !  Automatic export to "emulator_data" failed, going to exit now... 
[info] i  emulators: Shutting down emulators. {"metadata":{"emulator":{"name":"hub"},"message":"Shutting down emulators."}}
[info] i  ui: Stopping Emulator UI {"metadata":{"emulator":{"name":"ui"},"message":"Stopping Emulator UI"}}
[info] i  extensions: Stopping Extensions Emulator {"metadata":{"emulator":{"name":"extensions"},"message":"Stopping Extensions Emulator"}}
[debug] [2025-05-03T03:43:59.041Z] [Extensions] Stopping Extensions emulator, this is a noop.
[info] i  functions: Stopping Functions Emulator {"metadata":{"emulator":{"name":"functions"},"message":"Stopping Functions Emulator"}}
[info] i  eventarc: Stopping Eventarc Emulator {"metadata":{"emulator":{"name":"eventarc"},"message":"Stopping Eventarc Emulator"}}
[info] i  tasks: Stopping Cloud Tasks Emulator {"metadata":{"emulator":{"name":"tasks"},"message":"Stopping Cloud Tasks Emulator"}}
[info] i  hub: Stopping emulator hub {"metadata":{"emulator":{"name":"hub"},"message":"Stopping emulator hub"}}
[info] i  logging: Stopping Logging Emulator {"metadata":{"emulator":{"name":"logging"},"message":"Stopping Logging Emulator"}}
[debug] [2025-05-03T03:43:59.045Z] Could not find VSCode notification endpoint: FetchError: request to http://localhost:40001/vscode/notify failed, reason: . If you are not running the Firebase Data Connect VSCode extension, this is expected and not an issue.
